<?xml version="1.0" encoding="UTF-8"?>
<testsuite xmlns:xsi="http://www.w3.org/2001/XMLSchema-instance" xsi:noNamespaceSchemaLocation="https://maven.apache.org/surefire/maven-surefire-plugin/xsd/surefire-test-report-3.0.xsd" version="3.0" name="com.example.TestExmpleLaunchWeb" time="1.576" tests="1" errors="0" skipped="0" failures="1">
  <properties>
    <property name="java.specification.version" value="22"/>
    <property name="webdriver.chrome.driver" value="/Users/panithan/.cache/selenium/chromedriver/mac-arm64/114.0.5735.90/chromedriver"/>
    <property name="sun.jnu.encoding" value="UTF-8"/>
    <property name="java.class.path" value="/Users/panithan/MobileAutomationProject/target/test-classes:/Users/panithan/MobileAutomationProject/target/classes:/Users/panithan/.m2/repository/org/testng/testng/7.4.0/testng-7.4.0.jar:/Users/panithan/.m2/repository/com/beust/jcommander/1.78/jcommander-1.78.jar:/Users/panithan/.m2/repository/org/webjars/jquery/3.5.1/jquery-3.5.1.jar:/Users/panithan/.m2/repository/org/seleniumhq/selenium/selenium-java/4.7.0/selenium-java-4.7.0.jar:/Users/panithan/.m2/repository/org/seleniumhq/selenium/selenium-api/4.7.0/selenium-api-4.7.0.jar:/Users/panithan/.m2/repository/org/seleniumhq/selenium/selenium-chrome-driver/4.7.0/selenium-chrome-driver-4.7.0.jar:/Users/panithan/.m2/repository/com/google/auto/service/auto-service-annotations/1.0.1/auto-service-annotations-1.0.1.jar:/Users/panithan/.m2/repository/com/google/auto/service/auto-service/1.0.1/auto-service-1.0.1.jar:/Users/panithan/.m2/repository/com/google/auto/auto-common/1.2/auto-common-1.2.jar:/Users/panithan/.m2/repository/com/google/guava/guava/31.1-jre/guava-31.1-jre.jar:/Users/panithan/.m2/repository/com/google/guava/failureaccess/1.0.1/failureaccess-1.0.1.jar:/Users/panithan/.m2/repository/com/google/guava/listenablefuture/9999.0-empty-to-avoid-conflict-with-guava/listenablefuture-9999.0-empty-to-avoid-conflict-with-guava.jar:/Users/panithan/.m2/repository/com/google/code/findbugs/jsr305/3.0.2/jsr305-3.0.2.jar:/Users/panithan/.m2/repository/org/checkerframework/checker-qual/3.12.0/checker-qual-3.12.0.jar:/Users/panithan/.m2/repository/com/google/errorprone/error_prone_annotations/2.11.0/error_prone_annotations-2.11.0.jar:/Users/panithan/.m2/repository/com/google/j2objc/j2objc-annotations/1.3/j2objc-annotations-1.3.jar:/Users/panithan/.m2/repository/org/seleniumhq/selenium/selenium-chromium-driver/4.7.0/selenium-chromium-driver-4.7.0.jar:/Users/panithan/.m2/repository/org/seleniumhq/selenium/selenium-json/4.7.0/selenium-json-4.7.0.jar:/Users/panithan/.m2/repository/org/seleniumhq/selenium/selenium-devtools-v106/4.7.0/selenium-devtools-v106-4.7.0.jar:/Users/panithan/.m2/repository/org/seleniumhq/selenium/selenium-devtools-v107/4.7.0/selenium-devtools-v107-4.7.0.jar:/Users/panithan/.m2/repository/org/seleniumhq/selenium/selenium-devtools-v108/4.7.0/selenium-devtools-v108-4.7.0.jar:/Users/panithan/.m2/repository/org/seleniumhq/selenium/selenium-devtools-v85/4.7.0/selenium-devtools-v85-4.7.0.jar:/Users/panithan/.m2/repository/org/seleniumhq/selenium/selenium-edge-driver/4.7.0/selenium-edge-driver-4.7.0.jar:/Users/panithan/.m2/repository/org/seleniumhq/selenium/selenium-firefox-driver/4.7.0/selenium-firefox-driver-4.7.0.jar:/Users/panithan/.m2/repository/org/seleniumhq/selenium/selenium-ie-driver/4.7.0/selenium-ie-driver-4.7.0.jar:/Users/panithan/.m2/repository/org/seleniumhq/selenium/selenium-remote-driver/4.7.0/selenium-remote-driver-4.7.0.jar:/Users/panithan/.m2/repository/io/netty/netty-buffer/4.1.84.Final/netty-buffer-4.1.84.Final.jar:/Users/panithan/.m2/repository/io/netty/netty-codec-http/4.1.84.Final/netty-codec-http-4.1.84.Final.jar:/Users/panithan/.m2/repository/io/netty/netty-codec/4.1.84.Final/netty-codec-4.1.84.Final.jar:/Users/panithan/.m2/repository/io/netty/netty-handler/4.1.84.Final/netty-handler-4.1.84.Final.jar:/Users/panithan/.m2/repository/io/netty/netty-common/4.1.84.Final/netty-common-4.1.84.Final.jar:/Users/panithan/.m2/repository/io/netty/netty-transport-classes-epoll/4.1.84.Final/netty-transport-classes-epoll-4.1.84.Final.jar:/Users/panithan/.m2/repository/io/netty/netty-transport-classes-kqueue/4.1.84.Final/netty-transport-classes-kqueue-4.1.84.Final.jar:/Users/panithan/.m2/repository/io/netty/netty-transport-native-epoll/4.1.84.Final/netty-transport-native-epoll-4.1.84.Final.jar:/Users/panithan/.m2/repository/io/netty/netty-transport-native-kqueue/4.1.84.Final/netty-transport-native-kqueue-4.1.84.Final.jar:/Users/panithan/.m2/repository/io/netty/netty-transport-native-unix-common/4.1.84.Final/netty-transport-native-unix-common-4.1.84.Final.jar:/Users/panithan/.m2/repository/io/netty/netty-transport/4.1.84.Final/netty-transport-4.1.84.Final.jar:/Users/panithan/.m2/repository/io/netty/netty-resolver/4.1.84.Final/netty-resolver-4.1.84.Final.jar:/Users/panithan/.m2/repository/io/opentelemetry/opentelemetry-api/1.19.0/opentelemetry-api-1.19.0.jar:/Users/panithan/.m2/repository/io/opentelemetry/opentelemetry-context/1.19.0/opentelemetry-context-1.19.0.jar:/Users/panithan/.m2/repository/io/opentelemetry/opentelemetry-exporter-logging/1.19.0/opentelemetry-exporter-logging-1.19.0.jar:/Users/panithan/.m2/repository/io/opentelemetry/opentelemetry-sdk-metrics/1.19.0/opentelemetry-sdk-metrics-1.19.0.jar:/Users/panithan/.m2/repository/io/opentelemetry/opentelemetry-sdk-logs/1.19.0-alpha/opentelemetry-sdk-logs-1.19.0-alpha.jar:/Users/panithan/.m2/repository/io/opentelemetry/opentelemetry-api-logs/1.19.0-alpha/opentelemetry-api-logs-1.19.0-alpha.jar:/Users/panithan/.m2/repository/io/opentelemetry/opentelemetry-sdk-common/1.19.0/opentelemetry-sdk-common-1.19.0.jar:/Users/panithan/.m2/repository/io/opentelemetry/opentelemetry-sdk-extension-autoconfigure-spi/1.19.0/opentelemetry-sdk-extension-autoconfigure-spi-1.19.0.jar:/Users/panithan/.m2/repository/io/opentelemetry/opentelemetry-sdk-extension-autoconfigure/1.19.0-alpha/opentelemetry-sdk-extension-autoconfigure-1.19.0-alpha.jar:/Users/panithan/.m2/repository/io/opentelemetry/opentelemetry-exporter-common/1.19.0/opentelemetry-exporter-common-1.19.0.jar:/Users/panithan/.m2/repository/io/opentelemetry/opentelemetry-sdk-trace/1.19.0/opentelemetry-sdk-trace-1.19.0.jar:/Users/panithan/.m2/repository/io/opentelemetry/opentelemetry-sdk/1.19.0/opentelemetry-sdk-1.19.0.jar:/Users/panithan/.m2/repository/io/opentelemetry/opentelemetry-semconv/1.19.0-alpha/opentelemetry-semconv-1.19.0-alpha.jar:/Users/panithan/.m2/repository/io/ous/jtoml/2.0.0/jtoml-2.0.0.jar:/Users/panithan/.m2/repository/net/bytebuddy/byte-buddy/1.12.18/byte-buddy-1.12.18.jar:/Users/panithan/.m2/repository/org/apache/commons/commons-exec/1.3/commons-exec-1.3.jar:/Users/panithan/.m2/repository/org/asynchttpclient/async-http-client/2.12.3/async-http-client-2.12.3.jar:/Users/panithan/.m2/repository/org/asynchttpclient/async-http-client-netty-utils/2.12.3/async-http-client-netty-utils-2.12.3.jar:/Users/panithan/.m2/repository/io/netty/netty-codec-socks/4.1.60.Final/netty-codec-socks-4.1.60.Final.jar:/Users/panithan/.m2/repository/io/netty/netty-handler-proxy/4.1.60.Final/netty-handler-proxy-4.1.60.Final.jar:/Users/panithan/.m2/repository/io/netty/netty-transport-native-epoll/4.1.60.Final/netty-transport-native-epoll-4.1.60.Final-linux-x86_64.jar:/Users/panithan/.m2/repository/io/netty/netty-transport-native-kqueue/4.1.60.Final/netty-transport-native-kqueue-4.1.60.Final-osx-x86_64.jar:/Users/panithan/.m2/repository/org/reactivestreams/reactive-streams/1.0.3/reactive-streams-1.0.3.jar:/Users/panithan/.m2/repository/com/typesafe/netty/netty-reactive-streams/2.0.4/netty-reactive-streams-2.0.4.jar:/Users/panithan/.m2/repository/com/sun/activation/jakarta.activation/1.2.2/jakarta.activation-1.2.2.jar:/Users/panithan/.m2/repository/org/seleniumhq/selenium/selenium-http/4.7.0/selenium-http-4.7.0.jar:/Users/panithan/.m2/repository/dev/failsafe/failsafe/3.3.0/failsafe-3.3.0.jar:/Users/panithan/.m2/repository/org/seleniumhq/selenium/selenium-manager/4.7.0/selenium-manager-4.7.0.jar:/Users/panithan/.m2/repository/org/seleniumhq/selenium/selenium-safari-driver/4.7.0/selenium-safari-driver-4.7.0.jar:/Users/panithan/.m2/repository/org/seleniumhq/selenium/selenium-support/4.7.0/selenium-support-4.7.0.jar:/Users/panithan/.m2/repository/io/appium/java-client/8.3.0/java-client-8.3.0.jar:/Users/panithan/.m2/repository/com/google/code/gson/gson/2.10/gson-2.10.jar:/Users/panithan/.m2/repository/cglib/cglib/3.3.0/cglib-3.3.0.jar:/Users/panithan/.m2/repository/org/ow2/asm/asm/7.1/asm-7.1.jar:/Users/panithan/.m2/repository/commons-validator/commons-validator/1.7/commons-validator-1.7.jar:/Users/panithan/.m2/repository/commons-beanutils/commons-beanutils/1.9.4/commons-beanutils-1.9.4.jar:/Users/panithan/.m2/repository/commons-digester/commons-digester/2.1/commons-digester-2.1.jar:/Users/panithan/.m2/repository/commons-logging/commons-logging/1.2/commons-logging-1.2.jar:/Users/panithan/.m2/repository/commons-collections/commons-collections/3.2.2/commons-collections-3.2.2.jar:/Users/panithan/.m2/repository/org/apache/commons/commons-lang3/3.12.0/commons-lang3-3.12.0.jar:/Users/panithan/.m2/repository/commons-io/commons-io/2.11.0/commons-io-2.11.0.jar:/Users/panithan/.m2/repository/org/slf4j/slf4j-api/2.0.5/slf4j-api-2.0.5.jar:/Users/panithan/.m2/repository/io/github/bonigarcia/webdrivermanager/5.3.0/webdrivermanager-5.3.0.jar:/Users/panithan/.m2/repository/com/github/docker-java/docker-java/3.2.13/docker-java-3.2.13.jar:/Users/panithan/.m2/repository/com/github/docker-java/docker-java-core/3.2.13/docker-java-core-3.2.13.jar:/Users/panithan/.m2/repository/com/github/docker-java/docker-java-api/3.2.13/docker-java-api-3.2.13.jar:/Users/panithan/.m2/repository/com/fasterxml/jackson/core/jackson-annotations/2.10.3/jackson-annotations-2.10.3.jar:/Users/panithan/.m2/repository/org/apache/commons/commons-compress/1.21/commons-compress-1.21.jar:/Users/panithan/.m2/repository/com/fasterxml/jackson/core/jackson-databind/2.10.3/jackson-databind-2.10.3.jar:/Users/panithan/.m2/repository/com/fasterxml/jackson/core/jackson-core/2.10.3/jackson-core-2.10.3.jar:/Users/panithan/.m2/repository/org/bouncycastle/bcpkix-jdk15on/1.64/bcpkix-jdk15on-1.64.jar:/Users/panithan/.m2/repository/org/bouncycastle/bcprov-jdk15on/1.64/bcprov-jdk15on-1.64.jar:/Users/panithan/.m2/repository/org/slf4j/jcl-over-slf4j/1.7.30/jcl-over-slf4j-1.7.30.jar:/Users/panithan/.m2/repository/com/github/docker-java/docker-java-transport-httpclient5/3.2.13/docker-java-transport-httpclient5-3.2.13.jar:/Users/panithan/.m2/repository/com/github/docker-java/docker-java-transport/3.2.13/docker-java-transport-3.2.13.jar:/Users/panithan/.m2/repository/net/java/dev/jna/jna/5.8.0/jna-5.8.0.jar:/Users/panithan/.m2/repository/org/brotli/dec/0.1.2/dec-0.1.2.jar:/Users/panithan/.m2/repository/org/apache/httpcomponents/client5/httpclient5/5.1.3/httpclient5-5.1.3.jar:/Users/panithan/.m2/repository/org/apache/httpcomponents/core5/httpcore5/5.1.3/httpcore5-5.1.3.jar:/Users/panithan/.m2/repository/org/apache/httpcomponents/core5/httpcore5-h2/5.1.3/httpcore5-h2-5.1.3.jar:/Users/panithan/.m2/repository/commons-codec/commons-codec/1.15/commons-codec-1.15.jar:"/>
    <property name="java.vm.vendor" value="Oracle Corporation"/>
    <property name="sun.arch.data.model" value="64"/>
    <property name="java.vendor.url" value="https://java.oracle.com/"/>
    <property name="user.timezone" value="Asia/Bangkok"/>
    <property name="os.name" value="Mac OS X"/>
    <property name="java.vm.specification.version" value="22"/>
    <property name="sun.java.launcher" value="SUN_STANDARD"/>
    <property name="user.country" value="TH"/>
    <property name="sun.boot.library.path" value="/Library/Java/JavaVirtualMachines/jdk-22.jdk/Contents/Home/lib"/>
    <property name="sun.java.command" value="/Users/panithan/MobileAutomationProject/target/surefire/surefirebooter-20250209141425414_3.jar /Users/panithan/MobileAutomationProject/target/surefire 2025-02-09T14-14-25_382-jvmRun1 surefire-20250209141425414_1tmp surefire_0-20250209141425414_2tmp"/>
    <property name="http.nonProxyHosts" value="local|*.local|169.254/16|*.169.254/16"/>
    <property name="jdk.debug" value="release"/>
    <property name="test" value="com.example.TestExmpleLaunchWeb"/>
    <property name="surefire.test.class.path" value="/Users/panithan/MobileAutomationProject/target/test-classes:/Users/panithan/MobileAutomationProject/target/classes:/Users/panithan/.m2/repository/org/testng/testng/7.4.0/testng-7.4.0.jar:/Users/panithan/.m2/repository/com/beust/jcommander/1.78/jcommander-1.78.jar:/Users/panithan/.m2/repository/org/webjars/jquery/3.5.1/jquery-3.5.1.jar:/Users/panithan/.m2/repository/org/seleniumhq/selenium/selenium-java/4.7.0/selenium-java-4.7.0.jar:/Users/panithan/.m2/repository/org/seleniumhq/selenium/selenium-api/4.7.0/selenium-api-4.7.0.jar:/Users/panithan/.m2/repository/org/seleniumhq/selenium/selenium-chrome-driver/4.7.0/selenium-chrome-driver-4.7.0.jar:/Users/panithan/.m2/repository/com/google/auto/service/auto-service-annotations/1.0.1/auto-service-annotations-1.0.1.jar:/Users/panithan/.m2/repository/com/google/auto/service/auto-service/1.0.1/auto-service-1.0.1.jar:/Users/panithan/.m2/repository/com/google/auto/auto-common/1.2/auto-common-1.2.jar:/Users/panithan/.m2/repository/com/google/guava/guava/31.1-jre/guava-31.1-jre.jar:/Users/panithan/.m2/repository/com/google/guava/failureaccess/1.0.1/failureaccess-1.0.1.jar:/Users/panithan/.m2/repository/com/google/guava/listenablefuture/9999.0-empty-to-avoid-conflict-with-guava/listenablefuture-9999.0-empty-to-avoid-conflict-with-guava.jar:/Users/panithan/.m2/repository/com/google/code/findbugs/jsr305/3.0.2/jsr305-3.0.2.jar:/Users/panithan/.m2/repository/org/checkerframework/checker-qual/3.12.0/checker-qual-3.12.0.jar:/Users/panithan/.m2/repository/com/google/errorprone/error_prone_annotations/2.11.0/error_prone_annotations-2.11.0.jar:/Users/panithan/.m2/repository/com/google/j2objc/j2objc-annotations/1.3/j2objc-annotations-1.3.jar:/Users/panithan/.m2/repository/org/seleniumhq/selenium/selenium-chromium-driver/4.7.0/selenium-chromium-driver-4.7.0.jar:/Users/panithan/.m2/repository/org/seleniumhq/selenium/selenium-json/4.7.0/selenium-json-4.7.0.jar:/Users/panithan/.m2/repository/org/seleniumhq/selenium/selenium-devtools-v106/4.7.0/selenium-devtools-v106-4.7.0.jar:/Users/panithan/.m2/repository/org/seleniumhq/selenium/selenium-devtools-v107/4.7.0/selenium-devtools-v107-4.7.0.jar:/Users/panithan/.m2/repository/org/seleniumhq/selenium/selenium-devtools-v108/4.7.0/selenium-devtools-v108-4.7.0.jar:/Users/panithan/.m2/repository/org/seleniumhq/selenium/selenium-devtools-v85/4.7.0/selenium-devtools-v85-4.7.0.jar:/Users/panithan/.m2/repository/org/seleniumhq/selenium/selenium-edge-driver/4.7.0/selenium-edge-driver-4.7.0.jar:/Users/panithan/.m2/repository/org/seleniumhq/selenium/selenium-firefox-driver/4.7.0/selenium-firefox-driver-4.7.0.jar:/Users/panithan/.m2/repository/org/seleniumhq/selenium/selenium-ie-driver/4.7.0/selenium-ie-driver-4.7.0.jar:/Users/panithan/.m2/repository/org/seleniumhq/selenium/selenium-remote-driver/4.7.0/selenium-remote-driver-4.7.0.jar:/Users/panithan/.m2/repository/io/netty/netty-buffer/4.1.84.Final/netty-buffer-4.1.84.Final.jar:/Users/panithan/.m2/repository/io/netty/netty-codec-http/4.1.84.Final/netty-codec-http-4.1.84.Final.jar:/Users/panithan/.m2/repository/io/netty/netty-codec/4.1.84.Final/netty-codec-4.1.84.Final.jar:/Users/panithan/.m2/repository/io/netty/netty-handler/4.1.84.Final/netty-handler-4.1.84.Final.jar:/Users/panithan/.m2/repository/io/netty/netty-common/4.1.84.Final/netty-common-4.1.84.Final.jar:/Users/panithan/.m2/repository/io/netty/netty-transport-classes-epoll/4.1.84.Final/netty-transport-classes-epoll-4.1.84.Final.jar:/Users/panithan/.m2/repository/io/netty/netty-transport-classes-kqueue/4.1.84.Final/netty-transport-classes-kqueue-4.1.84.Final.jar:/Users/panithan/.m2/repository/io/netty/netty-transport-native-epoll/4.1.84.Final/netty-transport-native-epoll-4.1.84.Final.jar:/Users/panithan/.m2/repository/io/netty/netty-transport-native-kqueue/4.1.84.Final/netty-transport-native-kqueue-4.1.84.Final.jar:/Users/panithan/.m2/repository/io/netty/netty-transport-native-unix-common/4.1.84.Final/netty-transport-native-unix-common-4.1.84.Final.jar:/Users/panithan/.m2/repository/io/netty/netty-transport/4.1.84.Final/netty-transport-4.1.84.Final.jar:/Users/panithan/.m2/repository/io/netty/netty-resolver/4.1.84.Final/netty-resolver-4.1.84.Final.jar:/Users/panithan/.m2/repository/io/opentelemetry/opentelemetry-api/1.19.0/opentelemetry-api-1.19.0.jar:/Users/panithan/.m2/repository/io/opentelemetry/opentelemetry-context/1.19.0/opentelemetry-context-1.19.0.jar:/Users/panithan/.m2/repository/io/opentelemetry/opentelemetry-exporter-logging/1.19.0/opentelemetry-exporter-logging-1.19.0.jar:/Users/panithan/.m2/repository/io/opentelemetry/opentelemetry-sdk-metrics/1.19.0/opentelemetry-sdk-metrics-1.19.0.jar:/Users/panithan/.m2/repository/io/opentelemetry/opentelemetry-sdk-logs/1.19.0-alpha/opentelemetry-sdk-logs-1.19.0-alpha.jar:/Users/panithan/.m2/repository/io/opentelemetry/opentelemetry-api-logs/1.19.0-alpha/opentelemetry-api-logs-1.19.0-alpha.jar:/Users/panithan/.m2/repository/io/opentelemetry/opentelemetry-sdk-common/1.19.0/opentelemetry-sdk-common-1.19.0.jar:/Users/panithan/.m2/repository/io/opentelemetry/opentelemetry-sdk-extension-autoconfigure-spi/1.19.0/opentelemetry-sdk-extension-autoconfigure-spi-1.19.0.jar:/Users/panithan/.m2/repository/io/opentelemetry/opentelemetry-sdk-extension-autoconfigure/1.19.0-alpha/opentelemetry-sdk-extension-autoconfigure-1.19.0-alpha.jar:/Users/panithan/.m2/repository/io/opentelemetry/opentelemetry-exporter-common/1.19.0/opentelemetry-exporter-common-1.19.0.jar:/Users/panithan/.m2/repository/io/opentelemetry/opentelemetry-sdk-trace/1.19.0/opentelemetry-sdk-trace-1.19.0.jar:/Users/panithan/.m2/repository/io/opentelemetry/opentelemetry-sdk/1.19.0/opentelemetry-sdk-1.19.0.jar:/Users/panithan/.m2/repository/io/opentelemetry/opentelemetry-semconv/1.19.0-alpha/opentelemetry-semconv-1.19.0-alpha.jar:/Users/panithan/.m2/repository/io/ous/jtoml/2.0.0/jtoml-2.0.0.jar:/Users/panithan/.m2/repository/net/bytebuddy/byte-buddy/1.12.18/byte-buddy-1.12.18.jar:/Users/panithan/.m2/repository/org/apache/commons/commons-exec/1.3/commons-exec-1.3.jar:/Users/panithan/.m2/repository/org/asynchttpclient/async-http-client/2.12.3/async-http-client-2.12.3.jar:/Users/panithan/.m2/repository/org/asynchttpclient/async-http-client-netty-utils/2.12.3/async-http-client-netty-utils-2.12.3.jar:/Users/panithan/.m2/repository/io/netty/netty-codec-socks/4.1.60.Final/netty-codec-socks-4.1.60.Final.jar:/Users/panithan/.m2/repository/io/netty/netty-handler-proxy/4.1.60.Final/netty-handler-proxy-4.1.60.Final.jar:/Users/panithan/.m2/repository/io/netty/netty-transport-native-epoll/4.1.60.Final/netty-transport-native-epoll-4.1.60.Final-linux-x86_64.jar:/Users/panithan/.m2/repository/io/netty/netty-transport-native-kqueue/4.1.60.Final/netty-transport-native-kqueue-4.1.60.Final-osx-x86_64.jar:/Users/panithan/.m2/repository/org/reactivestreams/reactive-streams/1.0.3/reactive-streams-1.0.3.jar:/Users/panithan/.m2/repository/com/typesafe/netty/netty-reactive-streams/2.0.4/netty-reactive-streams-2.0.4.jar:/Users/panithan/.m2/repository/com/sun/activation/jakarta.activation/1.2.2/jakarta.activation-1.2.2.jar:/Users/panithan/.m2/repository/org/seleniumhq/selenium/selenium-http/4.7.0/selenium-http-4.7.0.jar:/Users/panithan/.m2/repository/dev/failsafe/failsafe/3.3.0/failsafe-3.3.0.jar:/Users/panithan/.m2/repository/org/seleniumhq/selenium/selenium-manager/4.7.0/selenium-manager-4.7.0.jar:/Users/panithan/.m2/repository/org/seleniumhq/selenium/selenium-safari-driver/4.7.0/selenium-safari-driver-4.7.0.jar:/Users/panithan/.m2/repository/org/seleniumhq/selenium/selenium-support/4.7.0/selenium-support-4.7.0.jar:/Users/panithan/.m2/repository/io/appium/java-client/8.3.0/java-client-8.3.0.jar:/Users/panithan/.m2/repository/com/google/code/gson/gson/2.10/gson-2.10.jar:/Users/panithan/.m2/repository/cglib/cglib/3.3.0/cglib-3.3.0.jar:/Users/panithan/.m2/repository/org/ow2/asm/asm/7.1/asm-7.1.jar:/Users/panithan/.m2/repository/commons-validator/commons-validator/1.7/commons-validator-1.7.jar:/Users/panithan/.m2/repository/commons-beanutils/commons-beanutils/1.9.4/commons-beanutils-1.9.4.jar:/Users/panithan/.m2/repository/commons-digester/commons-digester/2.1/commons-digester-2.1.jar:/Users/panithan/.m2/repository/commons-logging/commons-logging/1.2/commons-logging-1.2.jar:/Users/panithan/.m2/repository/commons-collections/commons-collections/3.2.2/commons-collections-3.2.2.jar:/Users/panithan/.m2/repository/org/apache/commons/commons-lang3/3.12.0/commons-lang3-3.12.0.jar:/Users/panithan/.m2/repository/commons-io/commons-io/2.11.0/commons-io-2.11.0.jar:/Users/panithan/.m2/repository/org/slf4j/slf4j-api/2.0.5/slf4j-api-2.0.5.jar:/Users/panithan/.m2/repository/io/github/bonigarcia/webdrivermanager/5.3.0/webdrivermanager-5.3.0.jar:/Users/panithan/.m2/repository/com/github/docker-java/docker-java/3.2.13/docker-java-3.2.13.jar:/Users/panithan/.m2/repository/com/github/docker-java/docker-java-core/3.2.13/docker-java-core-3.2.13.jar:/Users/panithan/.m2/repository/com/github/docker-java/docker-java-api/3.2.13/docker-java-api-3.2.13.jar:/Users/panithan/.m2/repository/com/fasterxml/jackson/core/jackson-annotations/2.10.3/jackson-annotations-2.10.3.jar:/Users/panithan/.m2/repository/org/apache/commons/commons-compress/1.21/commons-compress-1.21.jar:/Users/panithan/.m2/repository/com/fasterxml/jackson/core/jackson-databind/2.10.3/jackson-databind-2.10.3.jar:/Users/panithan/.m2/repository/com/fasterxml/jackson/core/jackson-core/2.10.3/jackson-core-2.10.3.jar:/Users/panithan/.m2/repository/org/bouncycastle/bcpkix-jdk15on/1.64/bcpkix-jdk15on-1.64.jar:/Users/panithan/.m2/repository/org/bouncycastle/bcprov-jdk15on/1.64/bcprov-jdk15on-1.64.jar:/Users/panithan/.m2/repository/org/slf4j/jcl-over-slf4j/1.7.30/jcl-over-slf4j-1.7.30.jar:/Users/panithan/.m2/repository/com/github/docker-java/docker-java-transport-httpclient5/3.2.13/docker-java-transport-httpclient5-3.2.13.jar:/Users/panithan/.m2/repository/com/github/docker-java/docker-java-transport/3.2.13/docker-java-transport-3.2.13.jar:/Users/panithan/.m2/repository/net/java/dev/jna/jna/5.8.0/jna-5.8.0.jar:/Users/panithan/.m2/repository/org/brotli/dec/0.1.2/dec-0.1.2.jar:/Users/panithan/.m2/repository/org/apache/httpcomponents/client5/httpclient5/5.1.3/httpclient5-5.1.3.jar:/Users/panithan/.m2/repository/org/apache/httpcomponents/core5/httpcore5/5.1.3/httpcore5-5.1.3.jar:/Users/panithan/.m2/repository/org/apache/httpcomponents/core5/httpcore5-h2/5.1.3/httpcore5-h2-5.1.3.jar:/Users/panithan/.m2/repository/commons-codec/commons-codec/1.15/commons-codec-1.15.jar:"/>
    <property name="sun.cpu.endian" value="little"/>
    <property name="user.home" value="/Users/panithan"/>
    <property name="user.language" value="en"/>
    <property name="java.specification.vendor" value="Oracle Corporation"/>
    <property name="java.version.date" value="2024-07-16"/>
    <property name="java.home" value="/Library/Java/JavaVirtualMachines/jdk-22.jdk/Contents/Home"/>
    <property name="file.separator" value="/"/>
    <property name="basedir" value="/Users/panithan/MobileAutomationProject"/>
    <property name="java.vm.compressedOopsMode" value="Zero based"/>
    <property name="line.separator" value="&#10;"/>
    <property name="java.vm.specification.vendor" value="Oracle Corporation"/>
    <property name="java.specification.name" value="Java Platform API Specification"/>
    <property name="apple.awt.application.name" value="ForkedBooter"/>
    <property name="surefire.real.class.path" value="/Users/panithan/MobileAutomationProject/target/surefire/surefirebooter-20250209141425414_3.jar"/>
    <property name="sun.management.compiler" value="HotSpot 64-Bit Tiered Compilers"/>
    <property name="ftp.nonProxyHosts" value="local|*.local|169.254/16|*.169.254/16"/>
    <property name="java.runtime.version" value="22.0.2+9-70"/>
    <property name="user.name" value="panithan"/>
    <property name="stdout.encoding" value="UTF-8"/>
    <property name="path.separator" value=":"/>
    <property name="os.version" value="14.4"/>
    <property name="java.runtime.name" value="Java(TM) SE Runtime Environment"/>
    <property name="file.encoding" value="UTF-8"/>
    <property name="java.vm.name" value="Java HotSpot(TM) 64-Bit Server VM"/>
    <property name="localRepository" value="/Users/panithan/.m2/repository"/>
    <property name="java.vendor.url.bug" value="https://bugreport.java.com/bugreport/"/>
    <property name="java.io.tmpdir" value="/var/folders/vy/h14s2qxx5t7f_dmyxww1c39h0000gn/T/"/>
    <property name="java.version" value="22.0.2"/>
    <property name="user.dir" value="/Users/panithan/MobileAutomationProject"/>
    <property name="os.arch" value="aarch64"/>
    <property name="java.vm.specification.name" value="Java Virtual Machine Specification"/>
    <property name="native.encoding" value="UTF-8"/>
    <property name="java.library.path" value="/Users/panithan/Library/Java/Extensions:/Library/Java/Extensions:/Network/Library/Java/Extensions:/System/Library/Java/Extensions:/usr/lib/java:."/>
    <property name="java.vm.info" value="mixed mode, sharing"/>
    <property name="stderr.encoding" value="UTF-8"/>
    <property name="java.vendor" value="Oracle Corporation"/>
    <property name="java.vm.version" value="22.0.2+9-70"/>
    <property name="sun.io.unicode.encoding" value="UnicodeBig"/>
    <property name="socksNonProxyHosts" value="local|*.local|169.254/16|*.169.254/16"/>
    <property name="java.class.version" value="66.0"/>
  </properties>
  <testcase name="openGoogle" classname="com.example.TestExmpleLaunchWeb" time="1.455">
    <failure message="Could not start a new session. Response code 500. Message: session not created: This version of ChromeDriver only supports Chrome version 114&#10;Current browser version is 133.0.6943.54 with binary path /Applications/Google Chrome.app/Contents/MacOS/Google Chrome &#10;Host info: host: &apos;Panithans-MacBook-Air.local&apos;, ip: &apos;2403:6200:8841:e851:840e:f081:deb3:dca1%en0&apos;&#10;Build info: version: &apos;4.7.0&apos;, revision: &apos;0a5b49d16f&apos;&#10;System info: os.name: &apos;Mac OS X&apos;, os.arch: &apos;aarch64&apos;, os.version: &apos;14.4&apos;, java.version: &apos;22.0.2&apos;&#10;Driver info: org.openqa.selenium.chrome.ChromeDriver&#10;Command: [null, newSession {capabilities=[Capabilities {browserName: chrome, goog:chromeOptions: {args: [], extensions: []}}], desiredCapabilities=Capabilities {browserName: chrome, goog:chromeOptions: {args: [], extensions: []}}}]" type="org.openqa.selenium.SessionNotCreatedException"><![CDATA[org.openqa.selenium.SessionNotCreatedException: 
Could not start a new session. Response code 500. Message: session not created: This version of ChromeDriver only supports Chrome version 114
Current browser version is 133.0.6943.54 with binary path /Applications/Google Chrome.app/Contents/MacOS/Google Chrome 
Host info: host: 'Panithans-MacBook-Air.local', ip: '2403:6200:8841:e851:840e:f081:deb3:dca1%en0'
Build info: version: '4.7.0', revision: '0a5b49d16f'
System info: os.name: 'Mac OS X', os.arch: 'aarch64', os.version: '14.4', java.version: '22.0.2'
Driver info: org.openqa.selenium.chrome.ChromeDriver
Command: [null, newSession {capabilities=[Capabilities {browserName: chrome, goog:chromeOptions: {args: [], extensions: []}}], desiredCapabilities=Capabilities {browserName: chrome, goog:chromeOptions: {args: [], extensions: []}}}]
	at org.openqa.selenium.remote.ProtocolHandshake.createSession(ProtocolHandshake.java:148)
	at org.openqa.selenium.remote.ProtocolHandshake.createSession(ProtocolHandshake.java:106)
	at org.openqa.selenium.remote.ProtocolHandshake.createSession(ProtocolHandshake.java:67)
	at org.openqa.selenium.remote.HttpCommandExecutor.execute(HttpCommandExecutor.java:156)
	at org.openqa.selenium.remote.service.DriverCommandExecutor.invokeExecute(DriverCommandExecutor.java:167)
	at org.openqa.selenium.remote.service.DriverCommandExecutor.execute(DriverCommandExecutor.java:142)
	at org.openqa.selenium.remote.RemoteWebDriver.execute(RemoteWebDriver.java:541)
	at org.openqa.selenium.remote.RemoteWebDriver.startSession(RemoteWebDriver.java:242)
	at org.openqa.selenium.remote.RemoteWebDriver.<init>(RemoteWebDriver.java:157)
	at org.openqa.selenium.chromium.ChromiumDriver.<init>(ChromiumDriver.java:101)
	at org.openqa.selenium.chrome.ChromeDriver.<init>(ChromeDriver.java:81)
	at org.openqa.selenium.chrome.ChromeDriver.<init>(ChromeDriver.java:70)
	at com.example.TestExmpleLaunchWeb.openGoogle(TestExmpleLaunchWeb.java:16)
	at java.base/jdk.internal.reflect.DirectMethodHandleAccessor.invoke(DirectMethodHandleAccessor.java:103)
	at java.base/java.lang.reflect.Method.invoke(Method.java:580)
	at org.testng.internal.MethodInvocationHelper.invokeMethod(MethodInvocationHelper.java:133)
	at org.testng.internal.TestInvoker.invokeMethod(TestInvoker.java:598)
	at org.testng.internal.TestInvoker.invokeTestMethod(TestInvoker.java:173)
	at org.testng.internal.MethodRunner.runInSequence(MethodRunner.java:46)
	at org.testng.internal.TestInvoker$MethodInvocationAgent.invoke(TestInvoker.java:824)
	at org.testng.internal.TestInvoker.invokeTestMethods(TestInvoker.java:146)
	at org.testng.internal.TestMethodWorker.invokeTestMethods(TestMethodWorker.java:146)
	at org.testng.internal.TestMethodWorker.run(TestMethodWorker.java:128)
	at java.base/java.util.ArrayList.forEach(ArrayList.java:1597)
	at org.testng.TestRunner.privateRun(TestRunner.java:794)
	at org.testng.TestRunner.run(TestRunner.java:596)
	at org.testng.SuiteRunner.runTest(SuiteRunner.java:377)
	at org.testng.SuiteRunner.runSequentially(SuiteRunner.java:371)
	at org.testng.SuiteRunner.privateRun(SuiteRunner.java:332)
	at org.testng.SuiteRunner.run(SuiteRunner.java:276)
	at org.testng.SuiteRunnerWorker.runSuite(SuiteRunnerWorker.java:53)
	at org.testng.SuiteRunnerWorker.run(SuiteRunnerWorker.java:96)
	at org.testng.TestNG.runSuitesSequentially(TestNG.java:1212)
	at org.testng.TestNG.runSuitesLocally(TestNG.java:1134)
	at org.testng.TestNG.runSuites(TestNG.java:1063)
	at org.testng.TestNG.run(TestNG.java:1031)
	at org.apache.maven.surefire.testng.TestNGExecutor.run(TestNGExecutor.java:155)
	at org.apache.maven.surefire.testng.TestNGDirectoryTestSuite.executeSingleClass(TestNGDirectoryTestSuite.java:102)
	at org.apache.maven.surefire.testng.TestNGDirectoryTestSuite.execute(TestNGDirectoryTestSuite.java:91)
	at org.apache.maven.surefire.testng.TestNGProvider.invoke(TestNGProvider.java:137)
	at org.apache.maven.surefire.booter.ForkedBooter.runSuitesInProcess(ForkedBooter.java:385)
	at org.apache.maven.surefire.booter.ForkedBooter.execute(ForkedBooter.java:162)
	at org.apache.maven.surefire.booter.ForkedBooter.run(ForkedBooter.java:507)
	at org.apache.maven.surefire.booter.ForkedBooter.main(ForkedBooter.java:495)
]]></failure>
    <system-err><![CDATA[SLF4J: No SLF4J providers were found.
SLF4J: Defaulting to no-operation (NOP) logger implementation
SLF4J: See https://www.slf4j.org/codes.html#noProviders for further details.
Starting ChromeDriver 114.0.5735.90 (386bc09e8f4f2e025eddae123f36f6263096ae49-refs/branch-heads/5735@{#1052}) on port 24143
Only local connections are allowed.
Please see https://chromedriver.chromium.org/security-considerations for suggestions on keeping ChromeDriver safe.
ChromeDriver was started successfully.
]]></system-err>
  </testcase>
</testsuite>