<?xml version="1.0" encoding="UTF-8"?>
<!-- Generated by org.testng.reporters.JUnitReportReporter -->
<testsuite hostname="Panithans-MacBook-Air.local" failures="0" tests="1" name="com.example.TestExample" time="0.000" errors="0" timestamp="2025-02-09T13:47:11 ICT" skipped="0">
  <testcase classname="com.example.TestExample" name="testMethod" time="0.000"/>
  <system-out/>
</testsuite> <!-- com.example.TestExample -->
