<?xml version="1.0" encoding="UTF-8"?>
<!-- Generated by org.testng.reporters.JUnitReportReporter -->
<testsuite hostname="Panithans-MacBook-Air.local" failures="0" tests="3" name="com.example.TestExample" time="0.003" errors="0" timestamp="2025-02-09T11:55:04 ICT" skipped="0">
  <testcase classname="com.example.TestExample" name="testMethod1" time="0.001"/>
  <system-out/>
  <testcase classname="com.example.TestExample" name="testMethod3" time="0.001"/>
  <system-out/>
  <testcase classname="com.example.TestExample" name="testMethod2" time="0.001"/>
  <system-out/>
</testsuite> <!-- com.example.TestExample -->
