<?xml version="1.0" encoding="UTF-8"?>
<!-- Generated by org.testng.reporters.JUnitReportReporter -->
<testsuite hostname="Panithans-MacBook-Air.local" failures="0" tests="3" name="com.example.TestExmpleMulti" time="0.000" errors="0" timestamp="2025-02-09T14:13:51 ICT" skipped="0">
  <testcase classname="com.example.TestExmpleMulti" name="testMethod1" time="0.000"/>
  <system-out/>
  <testcase classname="com.example.TestExmpleMulti" name="testMethod2" time="0.000"/>
  <system-out/>
  <testcase classname="com.example.TestExmpleMulti" name="testMethod3" time="0.000"/>
  <system-out/>
</testsuite> <!-- com.example.TestExmpleMulti -->
