<?xml version="1.0" encoding="UTF-8"?>
<!-- Generated by org.testng.reporters.JUnitReportReporter -->
<testsuite hostname="Panithans-MacBook-Air.local" failures="0" tests="1" name="com.example.OpenAppTest" time="0.001" errors="0" timestamp="2025-02-09T14:09:21 ICT" skipped="0">
  <testcase classname="com.example.OpenAppTest" name="openAppTest" time="0.001"/>
  <system-out/>
</testsuite> <!-- com.example.OpenAppTest -->
